<?xml version="1.0" encoding="UTF-8"?>
<!-- Generated by org.testng.reporters.JUnitReportReporter -->
<testsuite hostname="Computing-PC" name="uk.co.zooplatest.uk.qa.testcases.HomePageTest" tests="2" failures="0" timestamp="6 Apr 2019 04:17:12 GMT" time="58.850" errors="0">
  <testcase name="verifyHomePageTitleTest" time="21.619" classname="uk.co.zooplatest.uk.qa.testcases.HomePageTest"/>
  <testcase name="enterSearchTextTest" time="37.231" classname="uk.co.zooplatest.uk.qa.testcases.HomePageTest"/>
</testsuite> <!-- uk.co.zooplatest.uk.qa.testcases.HomePageTest -->
