<?xml version="1.0" encoding="UTF-8"?>
<!-- Generated by org.testng.reporters.JUnitReportReporter -->
<testsuite hostname="Computing-PC" name="uk.co.zooplatest.uk.qa.testcases.AgentPageTest" tests="1" failures="0" timestamp="7 Apr 2019 07:42:27 GMT" time="77.993" errors="0">
  <testcase name="getAgentDetailsTest" time="77.993" classname="uk.co.zooplatest.uk.qa.testcases.AgentPageTest"/>
</testsuite> <!-- uk.co.zooplatest.uk.qa.testcases.AgentPageTest -->
