<?xml version="1.0" encoding="UTF-8"?>
<!-- Generated by org.testng.reporters.JUnitReportReporter -->
<testsuite hostname="Computing-PC" name="uk.co.zooplatest.uk.qa.testcases.SearchPageTest" tests="1" failures="0" timestamp="6 Apr 2019 11:49:48 GMT" time="47.136" errors="0">
  <testcase name="getAgentDetailsTest" time="47.136" classname="uk.co.zooplatest.uk.qa.testcases.SearchPageTest"/>
</testsuite> <!-- uk.co.zooplatest.uk.qa.testcases.SearchPageTest -->
